        -:    0:Source:core.c
        -:    1:// System headers
        -:    2:#include <stdlib.h>
        -:    3:#include <stdio.h>
        -:    4:#include <string.h>
        -:    5:#include <ctype.h>
        -:    6:// #include <bsd/string.h>
        -:    7:
        -:    8:// PWM header
        -:    9:#include "pwm.h"
        -:   10:
function create_node called 33 returned 100% blocks executed 100%
       33:   11:static pwm_node_t* create_node(char* user, salt_t salt, hash_t hash) {
       33:   12:  pwm_node_t* node = (pwm_node_t*) malloc(sizeof(pwm_node_t));
       33:   13:  strlcpy(node -> user, user, sizeof(node -> user));
call    0 returned 100%
       33:   14:  memcpy(node -> salt, salt, sizeof(node -> salt));
       33:   15:  memcpy(node -> hash, hash, sizeof(node -> hash));
       33:   16:  node -> next = NULL;
       33:   17:  return node;
        -:   18:}
        -:   19:
function create_node_p called 33 returned 100% blocks executed 100%
       33:   20:static pwm_res_t create_node_p(char* user, char* password, pwm_node_t** node) {
       33:   21:   salt_t salt;
call    0 returned 100%
       33:   22:   hash_t hash;
call    0 returned 100%
       33:   23:   pwm_res_t r = PWM_OK;
       33:   24:   if ( (r = pwm_generate_salt(salt)) == PWM_OK
call    0 returned 100%
branch  1 taken 100% (fallthrough)
branch  2 taken 0%
       33:   25:       && (r = pwm_hash_password(salt, password, hash)) == PWM_OK) {
call    0 returned 100%
branch  1 taken 100% (fallthrough)
branch  2 taken 0%
       33:   26:      *node = create_node(user, salt, hash);
call    0 returned 100%
        -:   27:   }
       33:   28:   return r;
call    0 returned 100%
        -:   29:}
        -:   30:
        -:   31:
function pwm_alloc called 17 returned 100% blocks executed 45%
       17:   32:static pwm_res_t pwm_alloc(char* file, PWM* p_pwm) {
       17:   33:  PWM pwm = (PWM) malloc(sizeof(struct _pwm_t));
       17:   34:  if (pwm == NULL) {
branch  0 taken 0% (fallthrough)
branch  1 taken 100%
    #####:   35:    perror("malloc");
call    0 never executed
    #####:   36:    pwm_error("Could not allocate memory!");
call    0 never executed
    #####:   37:    return PWM_MEMORY_ALLOCATION_ERROR;
        -:   38:  }
       17:   39:  pwm -> file = strdup(file);
call    0 returned 100%
       17:   40:  if (pwm -> file == NULL) {
branch  0 taken 0% (fallthrough)
branch  1 taken 100%
    #####:   41:    free(pwm);
    #####:   42:    perror("strdup");
call    0 never executed
    #####:   43:    pwm_error("Could not allocate memory!");
call    0 never executed
    #####:   44:    return PWM_MEMORY_ALLOCATION_ERROR;
        -:   45:  }
       17:   46:  pwm -> entries = NULL;
       17:   47:  *p_pwm = pwm;
       17:   48:  return PWM_OK;
        -:   49:}
        -:   50:
function pwm_free called 17 returned 100% blocks executed 100%
       17:   51:pwm_res_t pwm_free(PWM pwm) {
       17:   52:  pwm_node_t* node = pwm -> entries;
       50:   53:  while (node != NULL) {
branch  0 taken 66%
branch  1 taken 34% (fallthrough)
       33:   54:    pwm_node_t* aux = node;
       33:   55:    node = node -> next;
       33:   56:    free(aux);
        -:   57:  }
        -:   58:
       17:   59:  if (pwm -> file != NULL) {
branch  0 taken 100% (fallthrough)
branch  1 taken 0%
       17:   60:    free(pwm -> file);
        -:   61:  }
        -:   62:
       17:   63:  free(pwm);
       17:   64:  return PWM_OK;
        -:   65:}
        -:   66:
function pwm_init called 19 returned 100% blocks executed 89%
       19:   67:pwm_res_t pwm_init(char* file, char* password, PWM* pwm) {
       19:   68:  pwm_res_t r = PWM_OK;
       19:   69:  if ((r = pwm_is_valid_password(password)) != PWM_OK) {
call    0 returned 100%
branch  1 taken 11% (fallthrough)
branch  2 taken 89%
        2:   70:    pwm_error("Invalid password '%s'!", password);
call    0 returned 100%
        2:   71:    return r;
        -:   72:  }
       17:   73:  if ((r = pwm_alloc(file, pwm)) != PWM_OK) {
call    0 returned 100%
branch  1 taken 0% (fallthrough)
branch  2 taken 100%
    #####:   74:    return r;
        -:   75:  }
       17:   76:  return create_node_p(PWM_ADMIN_USER, password, &((*pwm) -> entries));
call    0 returned 100%
        -:   77:}
        -:   78:
function pwm_open called 0 returned 0% blocks executed 0%
    #####:   79:pwm_res_t pwm_open(char* file, char* password, PWM* pwm) {
    #####:   80:  pwm_res_t r = PWM_OK;
    #####:   81:  FILE* f = fopen(file, "r");
call    0 never executed
    #####:   82:  if (f == NULL) {
branch  0 never executed (fallthrough)
branch  1 never executed
    #####:   83:    *pwm = NULL;
    #####:   84:    r = PWM_FILE_INACESSIBLE;
    #####:   85:    perror(file);
call    0 never executed
    #####:   86:    pwm_error("Could not open file '%s' for reading!", file);
call    0 never executed
    #####:   87:  } else if ((r = pwm_alloc(file, pwm)) == PWM_OK) {
call    0 never executed
branch  1 never executed (fallthrough)
branch  2 never executed
    #####:   88:     char line[1024];
call    0 never executed
    #####:   89:     int count = 0;
        -:   90:     pwm_node_t* curr;
    #####:   91:     while (fgets(line, sizeof(line), f) != NULL) {
call    0 never executed
branch  1 never executed
branch  2 never executed (fallthrough)
    #####:   92:       char* line_fields[3];
call    0 never executed
        -:   93:       char* user, *salt_str, *hash_str;
    #####:   94:       salt_t salt; hash_t hash;
call    0 never executed
call    1 never executed
        -:   95:       pwm_node_t* node;
    #####:   96:       count++;
    #####:   97:       if (pwm_split_line(line, ':', line_fields, 3) != 3) {
call    0 never executed
branch  1 never executed (fallthrough)
branch  2 never executed
    #####:   98:         pwm_error("Corrupt file '%s' at line %d [entries] !", (*pwm)->file, count+1);
call    0 never executed
    #####:   99:         r = PWM_FILE_CORRUPT;
    #####:  100:         break;
        -:  101:       }
    #####:  102:       user = line_fields[0];
    #####:  103:       salt_str = line_fields[1];
    #####:  104:       hash_str = line_fields[2];
    #####:  105:       if (! pwm_decode_hex_string(salt_str, salt, sizeof(salt_t))) {
call    0 never executed
branch  1 never executed (fallthrough)
branch  2 never executed
    #####:  106:         pwm_error("Corrupt file '%s' at line %d [salt] !", (*pwm)->file, count+1);
call    0 never executed
    #####:  107:         r = PWM_FILE_CORRUPT;
    #####:  108:         break;
        -:  109:       }
    #####:  110:       if (! pwm_decode_hex_string(hash_str, hash, sizeof(hash_t))) {
call    0 never executed
branch  1 never executed (fallthrough)
branch  2 never executed
    #####:  111:         pwm_error("Corrupt file '%s' at line %d [hash] !", (*pwm)->file, count+1);
call    0 never executed
    #####:  112:         r = PWM_FILE_CORRUPT;
    #####:  113:         break;
        -:  114:       }
    #####:  115:       node = create_node(user, salt, hash);
call    0 never executed
    #####:  116:       if (count == 1) {
branch  0 never executed (fallthrough)
branch  1 never executed
    #####:  117:         hash_t vhash;
call    0 never executed
    #####:  118:         pwm_hash_password(node -> salt, password, vhash);
call    0 never executed
    #####:  119:         if (memcmp(node -> hash, vhash, sizeof(hash_t)) != 0) {
branch  0 never executed (fallthrough)
branch  1 never executed
    #####:  120:           r = PWM_PASSWORD_MISMATCH;
    #####:  121:           pwm_error("Password mismatch for admin user!");
call    0 never executed
    #####:  122:           break;
        -:  123:         }
    #####:  124:         (*pwm) -> entries = node;
        -:  125:       } else {
    #####:  126:         curr -> next = node;
        -:  127:       }  
    #####:  128:       curr = node;
        -:  129:     }
    #####:  130:     if (r != PWM_OK) {
branch  0 never executed (fallthrough)
branch  1 never executed
    #####:  131:       pwm_free(*pwm); 
call    0 never executed
    #####:  132:       *pwm = NULL;
        -:  133:     }
    #####:  134:     fclose(f);
call    0 never executed
        -:  135:  }
    #####:  136:  return r; 
        -:  137:}
        -:  138:
function pwm_update called 0 returned 0% blocks executed 0%
    #####:  139:pwm_res_t pwm_update(PWM pwm, char* user, char* password) {
    #####:  140:  int r = PWM_OK;
    #####:  141:  if ((r = pwm_is_valid_password(password)) == PWM_OK) {
call    0 never executed
branch  1 never executed (fallthrough)
branch  2 never executed
    #####:  142:    pwm_node_t* node = pwm -> entries;
    #####:  143:    while (node != NULL) {
branch  0 never executed
branch  1 never executed (fallthrough)
    #####:  144:      if ( strcmp(node -> user, user) == 0) {
branch  0 never executed (fallthrough)
branch  1 never executed
    #####:  145:        salt_t salt;
call    0 never executed
    #####:  146:        hash_t hash;
call    0 never executed
    #####:  147:        if ( (r = pwm_generate_salt(salt)) == PWM_OK
call    0 never executed
branch  1 never executed (fallthrough)
branch  2 never executed
    #####:  148:           && (r = pwm_hash_password(salt, password, hash)) == PWM_OK) {
call    0 never executed
branch  1 never executed (fallthrough)
branch  2 never executed
    #####:  149:          memcpy(node -> salt, salt, sizeof(salt));
    #####:  150:          memcpy(node -> hash, hash, sizeof(hash));
        -:  151:        }
    #####:  152:        break;
        -:  153:      }
    #####:  154:      node = node -> next;
        -:  155:    }
    #####:  156:    if (node == NULL) {
branch  0 never executed (fallthrough)
branch  1 never executed
    #####:  157:      r = PWM_USER_NOT_FOUND;
    #####:  158:      pwm_error("User '%s' does not exist!", user);
call    0 never executed
        -:  159:    }  
        -:  160:  } else {
    #####:  161:    pwm_error("Invalid password '%s'!", password);
call    0 never executed
        -:  162:  }
    #####:  163:  return r;
        -:  164:}
        -:  165:
function pwm_add called 80 returned 100% blocks executed 94%
       80:  166:pwm_res_t pwm_add(PWM pwm, char* user, char* password) {
       80:  167:  pwm_res_t r = PWM_OK;
       80:  168:  if ( strcmp(user, PWM_ADMIN_USER) == 0) {
branch  0 taken 9% (fallthrough)
branch  1 taken 91%
        7:  169:    r = PWM_OPERATION_NOT_ALLOWED;
        7:  170:    pwm_error("User '%s' cannot be added!", user);
call    0 returned 100%
        -:  171:  }
       73:  172:  else if ((r = pwm_is_valid_user(user)) != PWM_OK) {
call    0 returned 100%
branch  1 taken 0% (fallthrough)
branch  2 taken 100%
    #####:  173:    pwm_error("Invalid user id '%s'!", user);
call    0 never executed
       73:  174:  } else if ((r = pwm_is_valid_password(password)) != PWM_OK) {
call    0 returned 100%
branch  1 taken 68% (fallthrough)
branch  2 taken 32%
       50:  175:    pwm_error("Invalid password '%s'!", password);
call    0 returned 100%
        -:  176:  } else {
       23:  177:    pwm_node_t* node = pwm -> entries;
       31:  178:    while (node -> next != NULL) {
branch  0 taken 48%
branch  1 taken 52% (fallthrough)
       15:  179:      if (strcmp(node -> next -> user, user) == 0) {
branch  0 taken 47% (fallthrough)
branch  1 taken 53%
        7:  180:        pwm_error("User '%s' already exists!", user);
call    0 returned 100%
        7:  181:        r = PWM_USER_ALREADY_EXISTS;
        7:  182:        break;
        -:  183:      }
        8:  184:      node = node -> next;
        -:  185:    }
       23:  186:    if (node -> next == NULL) {
branch  0 taken 70% (fallthrough)
branch  1 taken 30%
       16:  187:      r = create_node_p(user, password, & (node -> next));
call    0 returned 100%
        -:  188:    }
        -:  189:  }
       80:  190:  return r;
        -:  191:}
        -:  192:
function pwm_delete called 0 returned 0% blocks executed 0%
    #####:  193:pwm_res_t pwm_delete(PWM pwm, char* user) {
    #####:  194:  pwm_res_t r = PWM_OK;
    #####:  195:  if ( strcmp(user, PWM_ADMIN_USER) == 0) {
branch  0 never executed (fallthrough)
branch  1 never executed
    #####:  196:    pwm_error("User '%s' cannot be deleted!", user);
call    0 never executed
    #####:  197:    r = PWM_OPERATION_NOT_ALLOWED;
        -:  198:  } else {
    #####:  199:    pwm_node_t* node = pwm -> entries;
    #####:  200:    while (node -> next != NULL) {
branch  0 never executed
branch  1 never executed (fallthrough)
    #####:  201:      if (strcmp(node -> next -> user, user) == 0) {
branch  0 never executed (fallthrough)
branch  1 never executed
    #####:  202:        break;
        -:  203:      }
    #####:  204:      node = node -> next;
        -:  205:    }
    #####:  206:    if (node -> next == NULL) {
branch  0 never executed (fallthrough)
branch  1 never executed
    #####:  207:      r = PWM_USER_NOT_FOUND;
    #####:  208:      pwm_error("User '%s' does not exist!", user);
call    0 never executed
        -:  209:    } else {
    #####:  210:      pwm_node_t* to_delete = node -> next; // Guarda o nó a apagar
    #####:  211:      node -> next = to_delete -> next;
    #####:  212:      free(to_delete);
        -:  213:    } 
        -:  214:  }
    #####:  215:  return r;
        -:  216:}
        -:  217:
function pwm_save called 0 returned 0% blocks executed 0%
    #####:  218:pwm_res_t pwm_save(PWM pwm) {
    #####:  219:  FILE* f = fopen(pwm -> file, "w");
call    0 never executed
    #####:  220:  if (!f) {
branch  0 never executed (fallthrough)
branch  1 never executed
    #####:  221:    perror(pwm -> file);
call    0 never executed
    #####:  222:    pwm_error("Could not open file '%s' for writing!", pwm -> file);
call    0 never executed
    #####:  223:    return PWM_IO_ERROR;
        -:  224:  }
    #####:  225:  pwm_node_t* node = pwm -> entries;
    #####:  226:  while (node != NULL) {
branch  0 never executed
branch  1 never executed (fallthrough)
    #####:  227:    fprintf(f, "%s:", node -> user);
call    0 never executed
    #####:  228:    pwm_print_hex_string(f, node -> salt, sizeof(salt_t));
call    0 never executed
    #####:  229:    fputc(':', f);
call    0 never executed
    #####:  230:    pwm_print_hex_string(f, node -> hash, sizeof(hash_t));
call    0 never executed
    #####:  231:    fputc('\n', f);
call    0 never executed
    #####:  232:    node = node -> next;
        -:  233:  } 
    #####:  234:  fclose(f);
call    0 never executed
    #####:  235:  return PWM_OK; 
        -:  236:}
        -:  237:
function pwm_iterate called 16 returned 100% blocks executed 100%
       16:  238:pwm_res_t pwm_iterate(PWM pwm, pwm_iterator_t* iterator, void* arg) {
       16:  239:  pwm_res_t r = PWM_OK;
       16:  240:  pwm_node_t* node = pwm -> entries;
       48:  241:  while (node != NULL && r == PWM_OK) {
branch  0 taken 67% (fallthrough)
branch  1 taken 33%
branch  2 taken 100%
branch  3 taken 0% (fallthrough)
       32:  242:    r = iterator(node -> user, node -> salt, node -> hash, arg);
call    0 returned 100%
       32:  243:    node = node -> next;
        -:  244:  }
       16:  245:  return r;
        -:  246:}
        -:  247:
function pwm_match called 0 returned 0% blocks executed 0%
    #####:  248:pwm_res_t pwm_match(PWM pwm, char* user, char* password) {
    #####:  249:  pwm_node_t* node = pwm -> entries;
    #####:  250:  pwm_res_t r = PWM_OK;
    #####:  251:  hash_t hash;
call    0 never executed
    #####:  252:  while (node != NULL) {
branch  0 never executed
branch  1 never executed (fallthrough)
    #####:  253:    if ( strcmp(node -> user, user) == 0) {
branch  0 never executed (fallthrough)
branch  1 never executed
    #####:  254:      break;
        -:  255:    }
    #####:  256:    node = node -> next;
        -:  257:  }
    #####:  258:  if (node == NULL) {
branch  0 never executed (fallthrough)
branch  1 never executed
    #####:  259:    pwm_error("User '%s' does not exist!", user);
call    0 never executed
    #####:  260:    r = PWM_USER_NOT_FOUND;
        -:  261:  } 
        -:  262:  else 
    #####:  263:  if ((r = pwm_hash_password(node -> salt, password, hash)) == PWM_OK) {
call    0 never executed
branch  1 never executed (fallthrough)
branch  2 never executed
    #####:  264:    if (memcmp(node -> hash, hash, sizeof(hash_t)) != 0) {
branch  0 never executed (fallthrough)
branch  1 never executed
    #####:  265:      pwm_error("Password mismatch for user '%s'!", user);
call    0 never executed
    #####:  266:      r = PWM_PASSWORD_MISMATCH; 
        -:  267:    }
        -:  268:  }  
    #####:  269:  return r;
call    0 never executed
        -:  270:}
        -:  271:
