        -:    0:Source:md5.c
        -:    1:
        -:    2:
        -:    3:/* MD5C.C - RSA Data Security, Inc., MD5 message-digest algorithm
        -:    4: */
        -:    5:
        -:    6:/* Copyright (C) 1991-2, RSA Data Security, Inc. Created 1991. All
        -:    7:rights reserved.
        -:    8:
        -:    9:License to copy and use this software is granted provided that it
        -:   10:is identified as the "RSA Data Security, Inc. MD5 Message-Digest
        -:   11:Algorithm" in all material mentioning or referencing this software
        -:   12:or this function.
        -:   13:
        -:   14:License is also granted to make and use derivative works provided
        -:   15:that such works are identified as "derived from the RSA Data
        -:   16:Security, Inc. MD5 Message-Digest Algorithm" in all material
        -:   17:mentioning or referencing the derived work.
        -:   18:
        -:   19:RSA Data Security, Inc. makes no representations concerning either
        -:   20:the merchantability of this software or the suitability of this
        -:   21:software for any particular purpose. It is provided "as is"
        -:   22:without express or implied warranty of any kind.
        -:   23:
        -:   24:These notices must be retained in any copies of any part of this
        -:   25:documentation and/or software.
        -:   26: */
        -:   27:
        -:   28:
        -:   29:#include "md5.h"
        -:   30:
        -:   31:/* Constants for MD5Transform routine.
        -:   32: */
        -:   33:
        -:   34:
        -:   35:#define S11 7
        -:   36:#define S12 12
        -:   37:#define S13 17
        -:   38:#define S14 22
        -:   39:#define S21 5
        -:   40:#define S22 9
        -:   41:#define S23 14
        -:   42:#define S24 20
        -:   43:#define S31 4
        -:   44:#define S32 11
        -:   45:#define S33 16
        -:   46:#define S34 23
        -:   47:#define S41 6
        -:   48:#define S42 10
        -:   49:#define S43 15
        -:   50:#define S44 21
        -:   51:
        -:   52:static void MD5Transform (UINT4 [4], unsigned char [64]);
        -:   53:static void Encode(unsigned char *, UINT4 *, unsigned int);
        -:   54:static void Decode(UINT4 *, unsigned char *, unsigned int);
        -:   55:
        -:   56:static void MD5_memcpy (POINTER, POINTER, unsigned int);
        -:   57:static void MD5_memset (POINTER, int, unsigned int);
        -:   58:
        -:   59:
        -:   60:static unsigned char PADDING[64] = {
        -:   61:  0x80, 0, 0, 0, 0, 0, 0, 0, 0, 0, 0, 0, 0, 0, 0, 0, 0, 0, 0, 0, 0, 0,
        -:   62:  0, 0, 0, 0, 0, 0, 0, 0, 0, 0, 0, 0, 0, 0, 0, 0, 0, 0, 0, 0, 0, 0, 0,
        -:   63:  0, 0, 0, 0, 0, 0, 0, 0, 0, 0, 0, 0, 0, 0, 0, 0, 0, 0, 0
        -:   64:};
        -:   65:
        -:   66:/* F, G, H and I are basic MD5 functions.
        -:   67: */
        -:   68:#define F(x, y, z) (((x) & (y)) | ((~x) & (z)))
        -:   69:#define G(x, y, z) (((x) & (z)) | ((y) & (~z)))
        -:   70:#define H(x, y, z) ((x) ^ (y) ^ (z))
        -:   71:#define I(x, y, z) ((y) ^ ((x) | (~z)))
        -:   72:
        -:   73:/* ROTATE_LEFT rotates x left n bits.
        -:   74: */
        -:   75:#define ROTATE_LEFT(x, n) (((x) << (n)) | ((x) >> (32-(n))))
        -:   76:
        -:   77:/* FF, GG, HH, and II transformations for rounds 1, 2, 3, and 4.
        -:   78:Rotation is separate from addition to prevent recomputation.
        -:   79: */
        -:   80:#define FF(a, b, c, d, x, s, ac) { \
        -:   81: (a) += F ((b), (c), (d)) + (x) + (UINT4)(ac); \
        -:   82: (a) = ROTATE_LEFT ((a), (s)); \
        -:   83: (a) += (b); \
        -:   84:  }
        -:   85:#define GG(a, b, c, d, x, s, ac) { \
        -:   86: (a) += G ((b), (c), (d)) + (x) + (UINT4)(ac); \
        -:   87: (a) = ROTATE_LEFT ((a), (s)); \
        -:   88: (a) += (b); \
        -:   89:  }
        -:   90:#define HH(a, b, c, d, x, s, ac) { \
        -:   91: (a) += H ((b), (c), (d)) + (x) + (UINT4)(ac); \
        -:   92: (a) = ROTATE_LEFT ((a), (s)); \
        -:   93: (a) += (b); \
        -:   94:  }
        -:   95:#define II(a, b, c, d, x, s, ac) { \
        -:   96: (a) += I ((b), (c), (d)) + (x) + (UINT4)(ac); \
        -:   97: (a) = ROTATE_LEFT ((a), (s)); \
        -:   98: (a) += (b); \
        -:   99:  }
        -:  100:
        -:  101:/* MD5 initialization. Begins an MD5 operation, writing a new context.
        -:  102: */
function MD5Init called 33 returned 100% blocks executed 100%
       33:  103:void MD5Init (context)
        -:  104:MD5_CTX *context;                                        /* context */
        -:  105:{
       33:  106:  context->count[0] = context->count[1] = 0;
        -:  107:  /* Load magic initialization constants.
        -:  108:*/
       33:  109:  context->state[0] = 0x67452301;
       33:  110:  context->state[1] = 0xefcdab89;
       33:  111:  context->state[2] = 0x98badcfe;
       33:  112:  context->state[3] = 0x10325476;
       33:  113:}
        -:  114:
        -:  115:/* MD5 block update operation. Continues an MD5 message-digest
        -:  116:  operation, processing another message block, and updating the
        -:  117:  context.
        -:  118: */
function MD5Update called 132 returned 100% blocks executed 77%
      132:  119:void MD5Update (context, input, inputLen)
        -:  120:MD5_CTX *context;                                        /* context */
        -:  121:unsigned char *input;                                /* input block */
        -:  122:unsigned int inputLen;                     /* length of input block */
        -:  123:{
        -:  124:  unsigned int i, idx, partLen;
        -:  125:
        -:  126:  /* Compute number of bytes mod 64 */
      132:  127:  idx = (unsigned int)((context->count[0] >> 3) & 0x3F);
        -:  128:
        -:  129:  /* Update number of bits */
      132:  130:  if ((context->count[0] += ((UINT4)inputLen << 3))
      132:  131:   < ((UINT4)inputLen << 3))
branch  0 taken 0% (fallthrough)
branch  1 taken 100%
    #####:  132: context->count[1]++;
      132:  133:  context->count[1] += ((UINT4)inputLen >> 29);
        -:  134:
      132:  135:  partLen = 64 - idx;
        -:  136:
        -:  137:  /* Transform as many times as possible.
        -:  138:*/
      132:  139:  if (inputLen >= partLen) {
branch  0 taken 25% (fallthrough)
branch  1 taken 75%
       33:  140: MD5_memcpy
call    0 returned 100%
        -:  141:   ((POINTER)&context->buffer[idx], (POINTER)input, partLen);
       33:  142: MD5Transform (context->state, context->buffer);
call    0 returned 100%
        -:  143:
      33*:  144: for (i = partLen; i + 63 < inputLen; i += 64)
branch  0 taken 0%
branch  1 taken 100% (fallthrough)
    #####:  145:   MD5Transform (context->state, &input[i]);
call    0 never executed
        -:  146:
       33:  147: idx = 0;
        -:  148:  }
        -:  149:  else
       99:  150: i = 0;
        -:  151:
        -:  152:  /* Buffer remaining input */
      132:  153:  MD5_memcpy
call    0 returned 100%
        -:  154: ((POINTER)&context->buffer[idx], (POINTER)&input[i],
        -:  155:  inputLen-i);
      132:  156:}
        -:  157:
        -:  158:/* MD5 finalization. Ends an MD5 message-digest operation, writing the
        -:  159:  the message digest and zeroizing the context.
        -:  160: */
function MD5Final called 33 returned 100% blocks executed 91%
       33:  161:void MD5Final (digest, context)
        -:  162:unsigned char digest[16];                         /* message digest */
        -:  163:MD5_CTX *context;                                       /* context */
        -:  164:{
       33:  165:  unsigned char bits[8];
call    0 returned 100%
        -:  166:  unsigned int idx, padLen;
        -:  167:
        -:  168:  /* Save number of bits */
       33:  169:  Encode (bits, context->count, 8);
call    0 returned 100%
        -:  170:
        -:  171:  /* Pad out to 56 mod 64.
        -:  172:*/
       33:  173:  idx = (unsigned int)((context->count[0] >> 3) & 0x3f);
      33*:  174:  padLen = (idx < 56) ? (56 - idx) : (120 - idx);
branch  0 taken 100% (fallthrough)
branch  1 taken 0%
       33:  175:  MD5Update (context, PADDING, padLen);
call    0 returned 100%
        -:  176:
        -:  177:  /* Append length (before padding) */
       33:  178:  MD5Update (context, bits, 8);
call    0 returned 100%
        -:  179:
        -:  180:  /* Store state in digest */
       33:  181:  Encode (digest, context->state, 16);
call    0 returned 100%
        -:  182:
        -:  183:  /* Zeroize sensitive information.
        -:  184:*/
       33:  185:  MD5_memset ((POINTER)context, 0, sizeof (*context));
call    0 returned 100%
       33:  186:}
        -:  187:
        -:  188:/* MD5 basic transformation. Transforms state based on block.
        -:  189: */
        -:  190:static void
function MD5Transform called 33 returned 100% blocks executed 100%
       33:  191:MD5Transform (UINT4 state[4], unsigned char block[64])
        -:  192:{
       33:  193:  UINT4 a = state[0], b = state[1], c = state[2], d = state[3], x[16];
call    0 returned 100%
        -:  194:
       33:  195:  Decode (x, block, 64);
call    0 returned 100%
        -:  196:
        -:  197:  /* Round 1 */
       33:  198:  FF (a, b, c, d, x[ 0], S11, 0xd76aa478); /* 1 */
       33:  199:  FF (d, a, b, c, x[ 1], S12, 0xe8c7b756); /* 2 */
       33:  200:  FF (c, d, a, b, x[ 2], S13, 0x242070db); /* 3 */
       33:  201:  FF (b, c, d, a, x[ 3], S14, 0xc1bdceee); /* 4 */
       33:  202:  FF (a, b, c, d, x[ 4], S11, 0xf57c0faf); /* 5 */
       33:  203:  FF (d, a, b, c, x[ 5], S12, 0x4787c62a); /* 6 */
       33:  204:  FF (c, d, a, b, x[ 6], S13, 0xa8304613); /* 7 */
       33:  205:  FF (b, c, d, a, x[ 7], S14, 0xfd469501); /* 8 */
       33:  206:  FF (a, b, c, d, x[ 8], S11, 0x698098d8); /* 9 */
       33:  207:  FF (d, a, b, c, x[ 9], S12, 0x8b44f7af); /* 10 */
       33:  208:  FF (c, d, a, b, x[10], S13, 0xffff5bb1); /* 11 */
       33:  209:  FF (b, c, d, a, x[11], S14, 0x895cd7be); /* 12 */
       33:  210:  FF (a, b, c, d, x[12], S11, 0x6b901122); /* 13 */
       33:  211:  FF (d, a, b, c, x[13], S12, 0xfd987193); /* 14 */
       33:  212:  FF (c, d, a, b, x[14], S13, 0xa679438e); /* 15 */
       33:  213:  FF (b, c, d, a, x[15], S14, 0x49b40821); /* 16 */
        -:  214:
        -:  215: /* Round 2 */
       33:  216:  GG (a, b, c, d, x[ 1], S21, 0xf61e2562); /* 17 */
       33:  217:  GG (d, a, b, c, x[ 6], S22, 0xc040b340); /* 18 */
       33:  218:  GG (c, d, a, b, x[11], S23, 0x265e5a51); /* 19 */
       33:  219:  GG (b, c, d, a, x[ 0], S24, 0xe9b6c7aa); /* 20 */
       33:  220:  GG (a, b, c, d, x[ 5], S21, 0xd62f105d); /* 21 */
       33:  221:  GG (d, a, b, c, x[10], S22,  0x2441453); /* 22 */
       33:  222:  GG (c, d, a, b, x[15], S23, 0xd8a1e681); /* 23 */
       33:  223:  GG (b, c, d, a, x[ 4], S24, 0xe7d3fbc8); /* 24 */
       33:  224:  GG (a, b, c, d, x[ 9], S21, 0x21e1cde6); /* 25 */
       33:  225:  GG (d, a, b, c, x[14], S22, 0xc33707d6); /* 26 */
       33:  226:  GG (c, d, a, b, x[ 3], S23, 0xf4d50d87); /* 27 */
       33:  227:  GG (b, c, d, a, x[ 8], S24, 0x455a14ed); /* 28 */
       33:  228:  GG (a, b, c, d, x[13], S21, 0xa9e3e905); /* 29 */
       33:  229:  GG (d, a, b, c, x[ 2], S22, 0xfcefa3f8); /* 30 */
       33:  230:  GG (c, d, a, b, x[ 7], S23, 0x676f02d9); /* 31 */
       33:  231:  GG (b, c, d, a, x[12], S24, 0x8d2a4c8a); /* 32 */
        -:  232:
        -:  233:  /* Round 3 */
       33:  234:  HH (a, b, c, d, x[ 5], S31, 0xfffa3942); /* 33 */
       33:  235:  HH (d, a, b, c, x[ 8], S32, 0x8771f681); /* 34 */
       33:  236:  HH (c, d, a, b, x[11], S33, 0x6d9d6122); /* 35 */
       33:  237:  HH (b, c, d, a, x[14], S34, 0xfde5380c); /* 36 */
       33:  238:  HH (a, b, c, d, x[ 1], S31, 0xa4beea44); /* 37 */
       33:  239:  HH (d, a, b, c, x[ 4], S32, 0x4bdecfa9); /* 38 */
       33:  240:  HH (c, d, a, b, x[ 7], S33, 0xf6bb4b60); /* 39 */
       33:  241:  HH (b, c, d, a, x[10], S34, 0xbebfbc70); /* 40 */
       33:  242:  HH (a, b, c, d, x[13], S31, 0x289b7ec6); /* 41 */
       33:  243:  HH (d, a, b, c, x[ 0], S32, 0xeaa127fa); /* 42 */
       33:  244:  HH (c, d, a, b, x[ 3], S33, 0xd4ef3085); /* 43 */
       33:  245:  HH (b, c, d, a, x[ 6], S34,  0x4881d05); /* 44 */
       33:  246:  HH (a, b, c, d, x[ 9], S31, 0xd9d4d039); /* 45 */
       33:  247:  HH (d, a, b, c, x[12], S32, 0xe6db99e5); /* 46 */
       33:  248:  HH (c, d, a, b, x[15], S33, 0x1fa27cf8); /* 47 */
       33:  249:  HH (b, c, d, a, x[ 2], S34, 0xc4ac5665); /* 48 */
        -:  250:
        -:  251:  /* Round 4 */
       33:  252:  II (a, b, c, d, x[ 0], S41, 0xf4292244); /* 49 */
       33:  253:  II (d, a, b, c, x[ 7], S42, 0x432aff97); /* 50 */
       33:  254:  II (c, d, a, b, x[14], S43, 0xab9423a7); /* 51 */
       33:  255:  II (b, c, d, a, x[ 5], S44, 0xfc93a039); /* 52 */
       33:  256:  II (a, b, c, d, x[12], S41, 0x655b59c3); /* 53 */
       33:  257:  II (d, a, b, c, x[ 3], S42, 0x8f0ccc92); /* 54 */
       33:  258:  II (c, d, a, b, x[10], S43, 0xffeff47d); /* 55 */
       33:  259:  II (b, c, d, a, x[ 1], S44, 0x85845dd1); /* 56 */
       33:  260:  II (a, b, c, d, x[ 8], S41, 0x6fa87e4f); /* 57 */
       33:  261:  II (d, a, b, c, x[15], S42, 0xfe2ce6e0); /* 58 */
       33:  262:  II (c, d, a, b, x[ 6], S43, 0xa3014314); /* 59 */
       33:  263:  II (b, c, d, a, x[13], S44, 0x4e0811a1); /* 60 */
       33:  264:  II (a, b, c, d, x[ 4], S41, 0xf7537e82); /* 61 */
       33:  265:  II (d, a, b, c, x[11], S42, 0xbd3af235); /* 62 */
       33:  266:  II (c, d, a, b, x[ 2], S43, 0x2ad7d2bb); /* 63 */
       33:  267:  II (b, c, d, a, x[ 9], S44, 0xeb86d391); /* 64 */
        -:  268:
       33:  269:  state[0] += a;
       33:  270:  state[1] += b;
       33:  271:  state[2] += c;
       33:  272:  state[3] += d;
        -:  273:
        -:  274:  /* Zeroize sensitive information.
        -:  275:   */
       33:  276:  MD5_memset ((POINTER)x, 0, sizeof (x));
call    0 returned 100%
       33:  277:}
        -:  278:
        -:  279:/* Encodes input (UINT4) into output (unsigned char). Assumes len is
        -:  280:  a multiple of 4.
        -:  281: */
        -:  282:static void
function Encode called 66 returned 100% blocks executed 100%
       66:  283:Encode (unsigned char *output, UINT4 *input, unsigned int len)
        -:  284:{
        -:  285:  unsigned int i, j;
        -:  286:
      264:  287:  for (i = 0, j = 0; j < len; i++, j += 4) {
branch  0 taken 75%
branch  1 taken 25% (fallthrough)
      198:  288: output[j] = (unsigned char)(input[i] & 0xff);
      198:  289: output[j+1] = (unsigned char)((input[i] >> 8) & 0xff);
      198:  290: output[j+2] = (unsigned char)((input[i] >> 16) & 0xff);
      198:  291: output[j+3] = (unsigned char)((input[i] >> 24) & 0xff);
        -:  292:  }
       66:  293:}
        -:  294:
        -:  295:/* Decodes input (unsigned char) into output (UINT4). Assumes len is
        -:  296:  a multiple of 4.
        -:  297: */
        -:  298:static void
function Decode called 33 returned 100% blocks executed 100%
       33:  299:Decode (UINT4 *output, unsigned char *input, unsigned int len)
        -:  300:{
        -:  301:  unsigned int i, j;
        -:  302:
      561:  303:  for (i = 0, j = 0; j < len; i++, j += 4)
branch  0 taken 94%
branch  1 taken 6% (fallthrough)
      528:  304: output[i] = ((UINT4)input[j]) | (((UINT4)input[j+1]) << 8) |
      528:  305:   (((UINT4)input[j+2]) << 16) | (((UINT4)input[j+3]) << 24);
       33:  306:}
        -:  307:
        -:  308:/* Note: Replace "for loop" with standard memcpy if possible.
        -:  309: */
        -:  310:
function MD5_memcpy called 165 returned 100% blocks executed 100%
      165:  311:static void MD5_memcpy (POINTER output, POINTER input, unsigned int len)
        -:  312:{
        -:  313:  unsigned int i;
        -:  314:
     2277:  315:  for (i = 0; i < len; i++)
branch  0 taken 93%
branch  1 taken 7% (fallthrough)
     2112:  316:   output[i] = input[i];
      165:  317:}
        -:  318:
        -:  319:/* Note: Replace "for loop" with standard memset if possible.
        -:  320: */
function MD5_memset called 66 returned 100% blocks executed 100%
       66:  321:static void MD5_memset (POINTER output, int value, unsigned int len)
        -:  322:{
        -:  323:  unsigned int i;
        -:  324:
     5082:  325:  for (i = 0; i < len; i++)
branch  0 taken 99%
branch  1 taken 1% (fallthrough)
     5016:  326: ((char *)output)[i] = (char)value;
       66:  327:}
        -:  328:
        -:  329:
