        -:    0:Source:utils.c
        -:    1:#include <string.h>
        -:    2:#include <stdio.h>
        -:    3:#include <stdarg.h>
        -:    4:#include "pwm.h"
        -:    5:#include "md5.h"
        -:    6:
        -:    7:
function pwm_split_line called 200 returned 100% blocks executed 85%
      200:    8:int pwm_split_line
        -:    9:(char* string, char separator, char** fields, int max_fields) {
        -:   10:  char* pointer, *end_of_string, *aux;
        -:   11:  int count, len;
      200:   12:  len = strlen(string);
      200:   13:  if(len == 0) {
branch  0 taken 0% (fallthrough)
branch  1 taken 100%
    #####:   14:    return 0;
        -:   15:  }
      200:   16:  if (string[len-1] == '\n') {
branch  0 taken 0% (fallthrough)
branch  1 taken 100%
    #####:   17:    string[len-1] = '\0';
    #####:   18:    len --;
        -:   19:  }
      200:   20:  pointer = string;
      200:   21:  end_of_string = string + len;
      200:   22:  count = 0;
      651:   23:  while (pointer < end_of_string && count < max_fields) {
branch  0 taken 69% (fallthrough)
branch  1 taken 31%
branch  2 taken 100%
branch  3 taken 0% (fallthrough)
      451:   24:    fields[count] = pointer;
      451:   25:    count++;
      451:   26:    aux = strchr(pointer, separator);
      451:   27:    if (aux != NULL) {
branch  0 taken 56% (fallthrough)
branch  1 taken 44%
      251:   28:      *aux = '\0';
      251:   29:      pointer = aux + 1;
        -:   30:    } else {
      200:   31:      pointer = end_of_string;
        -:   32:    }
        -:   33:  }
      200:   34:  return count; 
        -:   35:}
        -:   36:
function pwm_hash_password called 33 returned 100% blocks executed 100%
       33:   37:pwm_res_t pwm_hash_password(salt_t salt, char* password, hash_t checksum) {
       33:   38:  MD5_CTX ctx;
call    0 returned 100%
       33:   39:  MD5Init(&ctx);
call    0 returned 100%
       33:   40:  MD5Update(&ctx, salt, sizeof(salt_t));
call    0 returned 100%
       33:   41:  MD5Update(&ctx, (unsigned char*) password, strlen(password));
call    0 returned 100%
       33:   42:  MD5Final(checksum, &ctx);
call    0 returned 100%
       33:   43:  return PWM_OK;
call    0 returned 100%
        -:   44:}
        -:   45:
function pwm_generate_salt called 33 returned 100% blocks executed 78%
       33:   46:pwm_res_t pwm_generate_salt(salt_t salt) {
       33:   47:  FILE* fp = fopen("/dev/urandom", "r");
call    0 returned 100%
       33:   48:  pwm_res_t r = PWM_OK;
       33:   49:  if (!fp) {
branch  0 taken 0% (fallthrough)
branch  1 taken 100%
    #####:   50:    r = PWM_IO_ERROR;
        -:   51:  } else {
       33:   52:    if (fread(salt, sizeof(salt_t), 1, fp) != 1) { 
call    0 returned 100%
branch  1 taken 0% (fallthrough)
branch  2 taken 100%
    #####:   53:      r = PWM_IO_ERROR;
        -:   54:    }
       33:   55:    fclose(fp);
call    0 returned 100%
        -:   56:  }
       33:   57:  return r;
        -:   58:}
        -:   59:
function pwm_decode_hex_string called 0 returned 0% blocks executed 0%
    #####:   60:int pwm_decode_hex_string
        -:   61:(char* str, unsigned char* data, int expected_length) {
    #####:   62:  unsigned char* pointer = (unsigned char*) str;
    #####:   63:  int pos = 0;
    #####:   64:  int hibits = 1;
    #####:   65:  while (*pointer != '\0') {
branch  0 never executed
branch  1 never executed (fallthrough)
    #####:   66:    unsigned char v = *pointer;
    #####:   67:    if (v >= '0' && v <= '9') {
branch  0 never executed (fallthrough)
branch  1 never executed
branch  2 never executed (fallthrough)
branch  3 never executed
    #####:   68:      v -= '0';
    #####:   69:    } else if (v >= 'a' && v <= 'f') {
branch  0 never executed (fallthrough)
branch  1 never executed
branch  2 never executed (fallthrough)
branch  3 never executed
    #####:   70:      v = 10 + v - 'a';
        -:   71:    } else {
        -:   72:      break;
        -:   73:    }
    #####:   74:    if (hibits) {
branch  0 never executed (fallthrough)
branch  1 never executed
    #####:   75:      data[pos] = v << 4;
        -:   76:    } else {
    #####:   77:      data[pos] |= v;
    #####:   78:      pos++;
        -:   79:    }
    #####:   80:    hibits = !hibits;
    #####:   81:    pointer++;
        -:   82:  }
    #####:   83:  return pos == expected_length;
        -:   84:}
        -:   85:
function pwm_print_hex_string called 64 returned 100% blocks executed 100%
       64:   86:void pwm_print_hex_string(FILE* fp, unsigned char* data, int length) {
        -:   87:  int i;
      704:   88:  for (i = 0; i < length; i++) {
branch  0 taken 91%
branch  1 taken 9% (fallthrough)
      640:   89:    fprintf(fp, "%02x", data[i]);
call    0 returned 100%
        -:   90:  }
       64:   91:}
        -:   92:
function pwm_error called 98 returned 100% blocks executed 100%
       98:   93:void pwm_error(const char* format, ...) {
       98:   94:  va_list ap;
call    0 returned 100%
       98:   95:  va_start(ap, format);
       98:   96:  printf("PWM error! ");
call    0 returned 100%
       98:   97:  vfprintf(stdout, format, ap);
call    0 returned 100%
       98:   98:  putchar('\n');
call    0 returned 100%
       98:   99:  va_end(ap);
call    0 returned 100%
       98:  100:}
